{"synthetic": false,
 "schemaVersion": "2025-09-10",
 "outputs":
 {"o": ["338f88065299242f.olean"],
  "i": "9be0ae869a1b0440.ilean",
  "c": "dbd99975fd37ab63.c"},
 "log":
 [{"message":
   ".> LEAN_PATH=/home/jr/Repos/HQIV_LEAN/.lake/packages/Cli/.lake/build/lib/lean:/home/jr/Repos/HQIV_LEAN/.lake/packages/batteries/.lake/build/lib/lean:/home/jr/Repos/HQIV_LEAN/.lake/packages/Qq/.lake/build/lib/lean:/home/jr/Repos/HQIV_LEAN/.lake/packages/aesop/.lake/build/lib/lean:/home/jr/Repos/HQIV_LEAN/.lake/packages/proofwidgets/.lake/build/lib/lean:/home/jr/Repos/HQIV_LEAN/.lake/packages/importGraph/.lake/build/lib/lean:/home/jr/Repos/HQIV_LEAN/.lake/packages/LeanSearchClient/.lake/build/lib/lean:/home/jr/Repos/HQIV_LEAN/.lake/packages/plausible/.lake/build/lib/lean:/home/jr/Repos/HQIV_LEAN/.lake/packages/mathlib/.lake/build/lib/lean:/home/jr/Repos/HQIV_LEAN/HQIVGenerators/.lake/build/lib/lean:/home/jr/Repos/HQIV_LEAN/.lake/build/lib/lean /home/jr/.elan/toolchains/leanprover--lean4---v4.28.0/bin/lean /home/jr/Repos/HQIV_LEAN/HQIVGenerators/Hqiv/Generators.lean -o /home/jr/Repos/HQIV_LEAN/HQIVGenerators/.lake/build/lib/lean/Hqiv/Generators.olean -i /home/jr/Repos/HQIV_LEAN/HQIVGenerators/.lake/build/lib/lean/Hqiv/Generators.ilean -c /home/jr/Repos/HQIV_LEAN/HQIVGenerators/.lake/build/ir/Hqiv/Generators.c --setup /home/jr/Repos/HQIV_LEAN/HQIVGenerators/.lake/build/ir/Hqiv/Generators.setup.json --json",
   "level": "trace"}],
 "inputs":
 [["Hqiv.Generators:deps",
   [["deps",
     [["HQIVGenerators/HQIVGenerators:extraDep",
       [["@HQIVGenerators:extraDep", "00000000000006bb"]]],
      ["imports",
       [["Mathlib.Data.Real.Basic transitive imports (legacy)",
         "e99232c582a80006"],
        ["Mathlib.Data.Real.Basic:importAllArts", "cb66a25f329c2b11"],
        ["Mathlib.Data.Fin.Basic transitive imports (legacy)",
         "44b78df0444c96ed"],
        ["Mathlib.Data.Fin.Basic:importAllArts", "4d919b8db55f7d18"],
        ["Mathlib.LinearAlgebra.Matrix.Defs transitive imports (legacy)",
         "8ac26043928b6631"],
        ["Mathlib.LinearAlgebra.Matrix.Defs:importAllArts", "6f4e42712aa4789c"],
        ["Mathlib.LinearAlgebra.Matrix.Notation transitive imports (legacy)",
         "4f6093605aab55c6"],
        ["Mathlib.LinearAlgebra.Matrix.Notation:importAllArts",
         "6b0b5bbcf3afa686"]]]]],
    ["libs",
     [["import dynlibs", "00000000000006bb"],
      ["package external libraries", "00000000000006bb"],
      ["module dynlibs", "00000000000006bb"],
      ["module plugins", "00000000000006bb"]]]]],
  ["Lean 4.28.0, commit 7e01a1bf5c70fc6167d49c345d3bf80596e9a79b",
   "a96bc04a2e5e9630"],
  ["/home/jr/Repos/HQIV_LEAN/HQIVGenerators/Hqiv/Generators.lean",
   "794f714a5cff964c"],
  ["options", "00000000000006bb"],
  ["Module.leanArgs: #[]", "00000000000006bb"]],
 "depHash": "9bafef61300c0b12"}