{"synthetic": false,
 "schemaVersion": "2025-09-10",
 "outputs":
 {"o": ["29e830642d2144aa.olean"],
  "i": "cabcf17dfc6bb28d.ilean",
  "c": "764ff210575a71d2.c"},
 "log":
 [{"message":
   ".> LEAN_PATH=/home/jr/Repos/HQIV_LEAN/.lake/packages/Cli/.lake/build/lib/lean:/home/jr/Repos/HQIV_LEAN/.lake/packages/batteries/.lake/build/lib/lean:/home/jr/Repos/HQIV_LEAN/.lake/packages/Qq/.lake/build/lib/lean:/home/jr/Repos/HQIV_LEAN/.lake/packages/aesop/.lake/build/lib/lean:/home/jr/Repos/HQIV_LEAN/.lake/packages/proofwidgets/.lake/build/lib/lean:/home/jr/Repos/HQIV_LEAN/.lake/packages/importGraph/.lake/build/lib/lean:/home/jr/Repos/HQIV_LEAN/.lake/packages/LeanSearchClient/.lake/build/lib/lean:/home/jr/Repos/HQIV_LEAN/.lake/packages/plausible/.lake/build/lib/lean:/home/jr/Repos/HQIV_LEAN/.lake/packages/mathlib/.lake/build/lib/lean:/home/jr/Repos/HQIV_LEAN/HQIVGenerators/.lake/build/lib/lean:/home/jr/Repos/HQIV_LEAN/.lake/build/lib/lean /home/jr/.elan/toolchains/leanprover--lean4---v4.28.0/bin/lean /home/jr/Repos/HQIV_LEAN/HQIVGenerators/Hqiv/GeneratorsFromAxioms.lean -o /home/jr/Repos/HQIV_LEAN/HQIVGenerators/.lake/build/lib/lean/Hqiv/GeneratorsFromAxioms.olean -i /home/jr/Repos/HQIV_LEAN/HQIVGenerators/.lake/build/lib/lean/Hqiv/GeneratorsFromAxioms.ilean -c /home/jr/Repos/HQIV_LEAN/HQIVGenerators/.lake/build/ir/Hqiv/GeneratorsFromAxioms.c --setup /home/jr/Repos/HQIV_LEAN/HQIVGenerators/.lake/build/ir/Hqiv/GeneratorsFromAxioms.setup.json --json",
   "level": "trace"}],
 "inputs":
 [["Hqiv.GeneratorsFromAxioms:deps",
   [["deps",
     [["HQIVGenerators/HQIVGenerators:extraDep",
       [["@HQIVGenerators:extraDep", "00000000000006bb"]]],
      ["imports",
       [["Mathlib.Data.Real.Basic transitive imports (legacy)",
         "e99232c582a80006"],
        ["Mathlib.Data.Real.Basic:importAllArts", "cb66a25f329c2b11"],
        ["Mathlib.Data.Fin.Basic transitive imports (legacy)",
         "44b78df0444c96ed"],
        ["Mathlib.Data.Fin.Basic:importAllArts", "4d919b8db55f7d18"],
        ["Mathlib.LinearAlgebra.Matrix.Defs transitive imports (legacy)",
         "8ac26043928b6631"],
        ["Mathlib.LinearAlgebra.Matrix.Defs:importAllArts", "6f4e42712aa4789c"],
        ["Mathlib.LinearAlgebra.Matrix.Notation transitive imports (legacy)",
         "4f6093605aab55c6"],
        ["Mathlib.LinearAlgebra.Matrix.Notation:importAllArts",
         "6b0b5bbcf3afa686"],
        ["Mathlib.LinearAlgebra.LinearIndependent.Basic transitive imports (legacy)",
         "e91c75bf82c89aab"],
        ["Mathlib.LinearAlgebra.LinearIndependent.Basic:importAllArts",
         "dce3867b2949b87d"],
        ["Hqiv.Generators transitive imports (legacy)", "443fb5a99643c960"],
        ["Hqiv.Generators:importAllArts", "312dffbdb04d81c1"],
        ["Hqiv.OctonionLeftMultiplication transitive imports (legacy)",
         "443fb5a99643c960"],
        ["Hqiv.OctonionLeftMultiplication:importAllArts",
         "b763cef5203f059a"]]]]],
    ["libs",
     [["import dynlibs", "00000000000006bb"],
      ["package external libraries", "00000000000006bb"],
      ["module dynlibs", "00000000000006bb"],
      ["module plugins", "00000000000006bb"]]]]],
  ["Lean 4.28.0, commit 7e01a1bf5c70fc6167d49c345d3bf80596e9a79b",
   "a96bc04a2e5e9630"],
  ["/home/jr/Repos/HQIV_LEAN/HQIVGenerators/Hqiv/GeneratorsFromAxioms.lean",
   "a2cac61fb12f3408"],
  ["options", "00000000000006bb"],
  ["Module.leanArgs: #[]", "00000000000006bb"]],
 "depHash": "523d93f99b7198e6"}